<?xml version="1.0" encoding="UTF-8"?>
<!-- Generated by org.testng.reporters.JUnitReportReporter -->
<testsuite hostname="ENT51" name="sbil.MyTest2" tests="1" failures="0" timestamp="1 Jun 2018 12:17:58 GMT" time="0.013" errors="0">
  <testcase name="f" time="0.013" classname="sbil.MyTest2"/>
</testsuite> <!-- sbil.MyTest2 -->
