<?xml version="1.0" encoding="UTF-8"?>
<!-- Generated by org.testng.reporters.JUnitReportReporter -->
<testsuite hostname="ENT51" name="activity.Login" tests="1" failures="0" timestamp="1 Jun 2018 12:28:42 GMT" time="12.167" errors="0">
  <testcase name="f" time="12.167" classname="activity.Login"/>
</testsuite> <!-- activity.Login -->
