<?xml version="1.0" encoding="UTF-8"?>
<!-- Generated by org.testng.reporters.JUnitReportReporter -->
<testsuite hostname="ENT51" name="common.TestIndex2" tests="1" failures="0" timestamp="29 Aug 2018 11:05:39 GMT" time="4.229" errors="0">
  <testcase name="TestIndexfunc2" time="4.229" classname="common.TestIndex2"/>
</testsuite> <!-- common.TestIndex2 -->
